#
# A fatal error has been detected by the Java Runtime Environment:
#
#  SIGSEGV (0xb) at pc=0x0000729e516cced2, pid=86469, tid=86482
#
# JRE version: OpenJDK Runtime Environment (17.0.10+7) (build 17.0.10+7-Ubuntu-122.04.1)
# Java VM: OpenJDK 64-Bit Server VM (17.0.10+7-Ubuntu-122.04.1, mixed mode, sharing, tiered, compressed oops, compressed class ptrs, g1 gc, linux-amd64)
# Problematic frame:
# V  [libjvm.so+0xacced2]  IdealLoopTree::reassociate_invariants(PhaseIdealLoop*)+0x52
#
# Core dump will be written. Default location: Core dumps may be processed with "/usr/share/apport/apport -p%p -s%s -c%c -d%d -P%P -u%u -g%g -- %E" (or dumping to /home/abdou/Téléchargements/job_stream/connector/core.86469)
#
# If you would like to submit a bug report, please visit:
#   Unknown
#

---------------  S U M M A R Y ------------

Command Line: target/connector-0.0.1-SNAPSHOT.jar

Host: Intel(R) Core(TM) i5-6200U CPU @ 2.30GHz, 4 cores, 7G, Ubuntu 22.04.3 LTS
Time: Mon Apr 29 09:40:45 2024 CEST elapsed time: 2.968335 seconds (0d 0h 0m 2s)

---------------  T H R E A D  ---------------

Current thread (0x0000729e4c11a4b0):  JavaThread "C2 CompilerThread0" daemon [_thread_in_native, id=86482, stack(0x0000729e21700000,0x0000729e21800000)]


Current CompileTask:
C2:   2968 2727       4       org.springframework.boot.loader.net.protocol.jar.Handler::openConnection (5 bytes)

Stack: [0x0000729e21700000,0x0000729e21800000],  sp=0x0000729e217fad50,  free space=1003k
Native frames: (J=compiled Java code, j=interpreted, Vv=VM code, C=native code)
V  [libjvm.so+0xacced2]  IdealLoopTree::reassociate_invariants(PhaseIdealLoop*)+0x52
V  [libjvm.so+0xaf2033]  PhaseIdealLoop::build_and_optimize()+0x8f3
V  [libjvm.so+0x5dd9cc]  PhaseIdealLoop::optimize(PhaseIterGVN&, LoopOptsMode)+0x17c
V  [libjvm.so+0x5db684]  Compile::Optimize()+0xba4
V  [libjvm.so+0x5dd209]  Compile::Compile(ciEnv*, ciMethod*, int, bool, bool, bool, bool, bool, DirectiveSet*)+0xe49
V  [libjvm.so+0x51a71b]  C2Compiler::compile_method(ciEnv*, ciMethod*, int, bool, DirectiveSet*)+0xfb
V  [libjvm.so+0x5e60ad]  CompileBroker::invoke_compiler_on_method(CompileTask*)+0xd8d
V  [libjvm.so+0x5e6e88]  CompileBroker::compiler_thread_loop()+0x688
V  [libjvm.so+0xeae493]  JavaThread::thread_main_inner()+0xe3
V  [libjvm.so+0xeb1dc8]  Thread::call_run()+0xa8
V  [libjvm.so+0xc3cec9]  thread_native_entry(Thread*)+0xe9


siginfo: si_signo: 11 (SIGSEGV), si_code: 1 (SEGV_MAPERR), si_addr: 0x000072bdb803ceb0

Registers:
RAX=0x0000729dac095090, RBX=0x0000729dac0f8460, RCX=0x0000729dac0f8460, RDX=0x0000000000000088
RSP=0x0000729e217fad50, RBP=0x0000729e217fadc0, RSI=0x0000729e217fb160, RDI=0x0000729db803cf00
R8 =0x0000729e217fae90, R9 =0x0000729e217fae70, R10=0x00000000000000ab, R11=0x0000000000000001
R12=0x0000000000000005, R13=0x000072bdb803ceb0, R14=0x0000729e217fae70, R15=0x0000729e217fae50
RIP=0x0000729e516cced2, EFLAGS=0x0000000000010217, CSGSFS=0x002b000000000033, ERR=0x0000000000000004
  TRAPNO=0x000000000000000e


Register to memory mapping:

RAX=0x0000729dac095090 points into unknown readable memory: 0x0000729db803c720 | 20 c7 03 b8 9d 72 00 00
RBX=0x0000729dac0f8460 points into unknown readable memory: 0x0000729db85e5bb0 | b0 5b 5e b8 9d 72 00 00
RCX=0x0000729dac0f8460 points into unknown readable memory: 0x0000729db85e5bb0 | b0 5b 5e b8 9d 72 00 00
RDX=0x0000000000000088 is an unknown value
RSP=0x0000729e217fad50 is pointing into the stack for thread: 0x0000729e4c11a4b0
RBP=0x0000729e217fadc0 is pointing into the stack for thread: 0x0000729e4c11a4b0
RSI=0x0000729e217fb160 is pointing into the stack for thread: 0x0000729e4c11a4b0
RDI=0x0000729db803cf00 points into unknown readable memory: 0x0000729e51ed1380 | 80 13 ed 51 9e 72 00 00
R8 =0x0000729e217fae90 is pointing into the stack for thread: 0x0000729e4c11a4b0
R9 =0x0000729e217fae70 is pointing into the stack for thread: 0x0000729e4c11a4b0
R10=0x00000000000000ab is an unknown value
R11=0x0000000000000001 is an unknown value
R12=0x0000000000000005 is an unknown value
R13=0x000072bdb803ceb0 is an unknown value
R14=0x0000729e217fae70 is pointing into the stack for thread: 0x0000729e4c11a4b0
R15=0x0000729e217fae50 is pointing into the stack for thread: 0x0000729e4c11a4b0


Top of Stack: (sp=0x0000729e217fad50)
0x0000729e217fad50:   0000729e217fadc0 0000729e516cf429
0x0000729e217fad60:   0000729db808b9c0 0000729e00000002
0x0000729e217fad70:   0000000000000010 0000729e217fb160
0x0000729e217fad80:   0000000000000088 00000011ac3d1028
0x0000729e217fad90:   0000729e217fae70 0000729e217fb160
0x0000729e217fada0:   0000729e217fae30 0000729dac0f8460
0x0000729e217fadb0:   0000729e217fae70 0000729e217fae50
0x0000729e217fadc0:   0000729e217fb120 0000729e516f2033
0x0000729e217fadd0:   0000729db80b0208 0000000000000001
0x0000729e217fade0:   0000000000000014 0000000000000001
0x0000729e217fadf0:   ffffffff00003442 0000000000010d10
0x0000729e217fae00:   0000344100000005 00000000000084c1
0x0000729e217fae10:   0000729e217fae90 0000729db802a270
0x0000729e217fae20:   0000729db80012e0 0000729db80b0208
0x0000729e217fae30:   0000000000000200 0000729dac01b090
0x0000729e217fae40:   0000729e00000200 0000729e4c118a90
0x0000729e217fae50:   0000729db872e5f0 0000729db873f310
0x0000729e217fae60:   0000729db872e600 0000729e4c118a90
0x0000729e217fae70:   0000729e4c118a90 0000729e00001000
0x0000729e217fae80:   0000729db873f330 0000000000000000
0x0000729e217fae90:   0000729db85e5bb0 0000729dac0f8460
0x0000729e217faea0:   0000729dac10f910 0000000000000000
0x0000729e217faeb0:   0000729db80012e0 0000729db80b0208
0x0000729e217faec0:   0000000000000000 0000729db86bdb60
0x0000729e217faed0:   0000729e217faee0 0000729e51ac2ee5
0x0000729e217faee0:   0000729e217faf40 0000729e51293a34
0x0000729e217faef0:   0000000000000005 0000000000000000
0x0000729e217faf00:   0000000000000007 0000729e511532ab
0x0000729e217faf10:   0000007bb80b0208 0000000000020010
0x0000729e217faf20:   0000000000000000 a6ece8d5dbbf5deb
0x0000729e217faf30:   0000000000002010 0000000000020040
0x0000729e217faf40:   0000000000000800 0000083000002002 

Instructions: (pc=0x0000729e516cced2)
0x0000729e516ccdd2:   10 48 85 d2 75 48 8b 42 28 39 c6 76 e9 48 8b 14
0x0000729e516ccde2:   c1 48 83 e2 fe 48 8b 42 08 48 8b 00 48 85 c0 74
0x0000729e516ccdf2:   e5 48 85 d2 74 28 8b 4a 2c 4c 8d 42 01 83 e1 07
0x0000729e516cce02:   83 f9 05 75 b6 4c 8d 40 01 48 89 c2 eb ad 48 8b
0x0000729e516cce12:   b3 90 09 00 00 e9 76 ff ff ff 0f 1f 40 00 48 c7
0x0000729e516cce22:   07 01 00 00 00 31 c0 48 83 3c 25 10 00 00 00 00
0x0000729e516cce32:   0f 84 65 ff ff ff 49 8b 5c 24 28 0f 1f 00 48 8d
0x0000729e516cce42:   05 01 75 82 00 48 8d 15 6a 18 52 00 48 8d 0d 93
0x0000729e516cce52:   18 52 00 be ad 03 00 00 48 8d 3d df 0c 51 00 48
0x0000729e516cce62:   8b 00 c6 00 58 31 c0 e8 72 4c b4 ff e8 2d aa 16
0x0000729e516cce72:   00 31 d2 e9 fb fe ff ff 66 0f 1f 44 00 00 f3 0f
0x0000729e516cce82:   1e fa 55 48 89 e5 41 57 41 56 41 55 41 54 53 48
0x0000729e516cce92:   83 ec 48 8b 47 50 48 89 75 b8 8d 50 ff 48 63 c2
0x0000729e516ccea2:   89 55 cc 48 c1 e0 03 48 89 45 c0 85 d2 0f 88 09
0x0000729e516cceb2:   03 00 00 48 89 fb 0f 1f 84 00 00 00 00 00 48 8b
0x0000729e516ccec2:   43 48 48 8b 55 c0 41 bc 05 00 00 00 4c 8b 2c 10
0x0000729e516cced2:   49 8b 45 00 4c 89 ef ff 10 3d f6 00 00 00 0f 8f
0x0000729e516ccee2:   b1 02 00 00 3d f4 00 00 00 7f 1a 83 f8 1d 0f 8f
0x0000729e516ccef2:   da 02 00 00 83 f8 1b 7f 0c 83 e8 17 83 f8 01 0f
0x0000729e516ccf02:   87 a2 02 00 00 41 8b 45 20 85 c0 0f 84 96 02 00
0x0000729e516ccf12:   00 48 8b 4b 28 41 8b 45 28 8b 51 28 39 d0 0f 83
0x0000729e516ccf22:   f2 02 00 00 48 8b 71 30 48 8d 3c c6 4c 89 e8 48
0x0000729e516ccf32:   8b 0f f6 c1 01 0f 85 23 03 00 00 48 83 78 10 00
0x0000729e516ccf42:   74 3b 4c 8b 73 28 48 85 c0 0f 84 9f 03 00 00 8b
0x0000729e516ccf52:   40 28 41 3b 46 28 0f 83 f2 02 00 00 49 8b 56 30
0x0000729e516ccf62:   48 8b 34 c2 48 85 f6 0f 84 e1 02 00 00 48 89 df
0x0000729e516ccf72:   e8 b9 60 01 00 84 c0 0f 84 2a 02 00 00 41 8b 45
0x0000729e516ccf82:   2c 49 8b 55 08 25 ff 0f 00 00 3d 00 08 00 00 75
0x0000729e516ccf92:   0e 48 8b 42 10 f6 40 30 10 0f 85 08 02 00 00 48
0x0000729e516ccfa2:   8b 72 08 48 89 df e8 83 fd ff ff 48 89 df 41 89
0x0000729e516ccfb2:   c6 49 8b 45 08 48 8b 70 10 e8 70 fd ff ff 3c 01
0x0000729e516ccfc2:   0f 84 28 02 00 00 45 84 f6 0f 84 1f 02 00 00 48 


Stack slot to memory mapping:
stack at sp + 0 slots: 0x0000729e217fadc0 is pointing into the stack for thread: 0x0000729e4c11a4b0
stack at sp + 1 slots: 0x0000729e516cf429: <offset 0x0000000000acf429> in /usr/lib/jvm/java-17-openjdk-amd64/lib/server/libjvm.so at 0x0000729e50c00000
stack at sp + 2 slots: 0x0000729db808b9c0 points into unknown readable memory: 0x0000729e51ed0a90 | 90 0a ed 51 9e 72 00 00
stack at sp + 3 slots: 0x0000729e00000002 is an unknown value
stack at sp + 4 slots: 0x0000000000000010 is an unknown value
stack at sp + 5 slots: 0x0000729e217fb160 is pointing into the stack for thread: 0x0000729e4c11a4b0
stack at sp + 6 slots: 0x0000000000000088 is an unknown value
stack at sp + 7 slots: 0x00000011ac3d1028 is an unknown value


---------------  P R O C E S S  ---------------

Threads class SMR info:
_java_thread_list=0x0000729d8400e1f0, length=12, elements={
0x0000729e4c014010, 0x0000729e4c10f850, 0x0000729e4c110c40, 0x0000729e4c116310,
0x0000729e4c1176d0, 0x0000729e4c118af0, 0x0000729e4c11a4b0, 0x0000729e4c11b9f0,
0x0000729e4c124e60, 0x0000729e4c12c800, 0x0000729e4c130060, 0x0000729e4c1e79c0
}

Java Threads: ( => current thread )
  0x0000729e4c014010 JavaThread "main" [_thread_in_Java, id=86470, stack(0x0000729e50700000,0x0000729e50800000)]
  0x0000729e4c10f850 JavaThread "Reference Handler" daemon [_thread_blocked, id=86477, stack(0x0000729e30425000,0x0000729e30525000)]
  0x0000729e4c110c40 JavaThread "Finalizer" daemon [_thread_blocked, id=86478, stack(0x0000729e30325000,0x0000729e30425000)]
  0x0000729e4c116310 JavaThread "Signal Dispatcher" daemon [_thread_blocked, id=86479, stack(0x0000729e30225000,0x0000729e30325000)]
  0x0000729e4c1176d0 JavaThread "Service Thread" daemon [_thread_blocked, id=86480, stack(0x0000729e30125000,0x0000729e30225000)]
  0x0000729e4c118af0 JavaThread "Monitor Deflation Thread" daemon [_thread_blocked, id=86481, stack(0x0000729e30025000,0x0000729e30125000)]
=>0x0000729e4c11a4b0 JavaThread "C2 CompilerThread0" daemon [_thread_in_native, id=86482, stack(0x0000729e21700000,0x0000729e21800000)]
  0x0000729e4c11b9f0 JavaThread "C1 CompilerThread0" daemon [_thread_blocked, id=86483, stack(0x0000729e21600000,0x0000729e21700000)]
  0x0000729e4c124e60 JavaThread "Sweeper thread" daemon [_thread_blocked, id=86484, stack(0x0000729e21500000,0x0000729e21600000)]
  0x0000729e4c12c800 JavaThread "Notification Thread" daemon [_thread_blocked, id=86485, stack(0x0000729e21400000,0x0000729e21500000)]
  0x0000729e4c130060 JavaThread "Common-Cleaner" daemon [_thread_blocked, id=86487, stack(0x0000729e211ff000,0x0000729e212ff000)]
  0x0000729e4c1e79c0 JavaThread "Cleaner-0" daemon [_thread_blocked, id=86488, stack(0x0000729e210ff000,0x0000729e211ff000)]

Other Threads:
  0x0000729e4c10b8c0 VMThread "VM Thread" [stack: 0x0000729e30526000,0x0000729e30626000] [id=86476]
  0x0000729e4c12e150 WatcherThread [stack: 0x0000729e21300000,0x0000729e21400000] [id=86486]
  0x0000729e4c06bc90 GCTaskThread "GC Thread#0" [stack: 0x0000729e50111000,0x0000729e50211000] [id=86471]
  0x0000729dcc0050b0 GCTaskThread "GC Thread#1" [stack: 0x0000729e20fff000,0x0000729e210ff000] [id=86489]
  0x0000729dcc006520 GCTaskThread "GC Thread#2" [stack: 0x0000729e20dfe000,0x0000729e20efe000] [id=86498]
  0x0000729dcc006f30 GCTaskThread "GC Thread#3" [stack: 0x0000729e20cfd000,0x0000729e20dfd000] [id=86499]
  0x0000729e4c07c000 ConcurrentGCThread "G1 Main Marker" [stack: 0x0000729e50010000,0x0000729e50110000] [id=86472]
  0x0000729e4c07cf70 ConcurrentGCThread "G1 Conc#0" [stack: 0x0000729e4bf00000,0x0000729e4c000000] [id=86473]
  0x0000729e4c0debf0 ConcurrentGCThread "G1 Refine#0" [stack: 0x0000729e3087a000,0x0000729e3097a000] [id=86474]
  0x0000729e4c0dfaf0 ConcurrentGCThread "G1 Service" [stack: 0x0000729e30779000,0x0000729e30879000] [id=86475]

Threads with active compile tasks:
C2 CompilerThread0     2981 2727       4       org.springframework.boot.loader.net.protocol.jar.Handler::openConnection (5 bytes)

VM state: not at safepoint (normal execution)

VM Mutex/Monitor currently owned by a thread: None

Heap address: 0x0000000089400000, size: 1900 MB, Compressed Oops mode: 32-bit

CDS archive(s) mapped at: [0x0000729dd3000000-0x0000729dd3bc7000-0x0000729dd3bc7000), size 12349440, SharedBaseAddress: 0x0000729dd3000000, ArchiveRelocationMode: 1.
Compressed class space mapped at: 0x0000729dd4000000-0x0000729e14000000, reserved size: 1073741824
Narrow klass base: 0x0000729dd3000000, Narrow klass shift: 0, Narrow klass range: 0x100000000

GC Precious Log:
 CPUs: 4 total, 4 available
 Memory: 7596M
 Large Page Support: Disabled
 NUMA Support: Disabled
 Compressed Oops: Enabled (32-bit)
 Heap Region Size: 1M
 Heap Min Capacity: 8M
 Heap Initial Capacity: 120M
 Heap Max Capacity: 1900M
 Pre-touch: Disabled
 Parallel Workers: 4
 Concurrent Workers: 1
 Concurrent Refinement Workers: 4
 Periodic GC: Disabled

Heap:
 garbage-first heap   total 124928K, used 45831K [0x0000000089400000, 0x0000000100000000)
  region size 1024K, 44 young (45056K), 4 survivors (4096K)
 Metaspace       used 19884K, committed 20224K, reserved 1114112K
  class space    used 2469K, committed 2624K, reserved 1048576K

Heap Regions: E=young(eden), S=young(survivor), O=old, HS=humongous(starts), HC=humongous(continues), CS=collection set, F=free, OA=open archive, CA=closed archive, TAMS=top-at-mark-start (previous, next)
|   0|0x0000000089400000, 0x0000000089500000, 0x0000000089500000|100%| O|  |TAMS 0x0000000089400000, 0x0000000089400000| Untracked 
|   1|0x0000000089500000, 0x0000000089515400, 0x0000000089600000|  8%| O|  |TAMS 0x0000000089500000, 0x0000000089500000| Untracked 
|   2|0x0000000089600000, 0x0000000089600000, 0x0000000089700000|  0%| F|  |TAMS 0x0000000089600000, 0x0000000089600000| Untracked 
|   3|0x0000000089700000, 0x0000000089700000, 0x0000000089800000|  0%| F|  |TAMS 0x0000000089700000, 0x0000000089700000| Untracked 
|   4|0x0000000089800000, 0x0000000089800000, 0x0000000089900000|  0%| F|  |TAMS 0x0000000089800000, 0x0000000089800000| Untracked 
|   5|0x0000000089900000, 0x0000000089900000, 0x0000000089a00000|  0%| F|  |TAMS 0x0000000089900000, 0x0000000089900000| Untracked 
|   6|0x0000000089a00000, 0x0000000089a00000, 0x0000000089b00000|  0%| F|  |TAMS 0x0000000089a00000, 0x0000000089a00000| Untracked 
|   7|0x0000000089b00000, 0x0000000089b00000, 0x0000000089c00000|  0%| F|  |TAMS 0x0000000089b00000, 0x0000000089b00000| Untracked 
|   8|0x0000000089c00000, 0x0000000089c00000, 0x0000000089d00000|  0%| F|  |TAMS 0x0000000089c00000, 0x0000000089c00000| Untracked 
|   9|0x0000000089d00000, 0x0000000089d00000, 0x0000000089e00000|  0%| F|  |TAMS 0x0000000089d00000, 0x0000000089d00000| Untracked 
|  10|0x0000000089e00000, 0x0000000089e00000, 0x0000000089f00000|  0%| F|  |TAMS 0x0000000089e00000, 0x0000000089e00000| Untracked 
|  11|0x0000000089f00000, 0x0000000089f00000, 0x000000008a000000|  0%| F|  |TAMS 0x0000000089f00000, 0x0000000089f00000| Untracked 
|  12|0x000000008a000000, 0x000000008a000000, 0x000000008a100000|  0%| F|  |TAMS 0x000000008a000000, 0x000000008a000000| Untracked 
|  13|0x000000008a100000, 0x000000008a100000, 0x000000008a200000|  0%| F|  |TAMS 0x000000008a100000, 0x000000008a100000| Untracked 
|  14|0x000000008a200000, 0x000000008a200000, 0x000000008a300000|  0%| F|  |TAMS 0x000000008a200000, 0x000000008a200000| Untracked 
|  15|0x000000008a300000, 0x000000008a300000, 0x000000008a400000|  0%| F|  |TAMS 0x000000008a300000, 0x000000008a300000| Untracked 
|  16|0x000000008a400000, 0x000000008a400000, 0x000000008a500000|  0%| F|  |TAMS 0x000000008a400000, 0x000000008a400000| Untracked 
|  17|0x000000008a500000, 0x000000008a500000, 0x000000008a600000|  0%| F|  |TAMS 0x000000008a500000, 0x000000008a500000| Untracked 
|  18|0x000000008a600000, 0x000000008a600000, 0x000000008a700000|  0%| F|  |TAMS 0x000000008a600000, 0x000000008a600000| Untracked 
|  19|0x000000008a700000, 0x000000008a700000, 0x000000008a800000|  0%| F|  |TAMS 0x000000008a700000, 0x000000008a700000| Untracked 
|  20|0x000000008a800000, 0x000000008a800000, 0x000000008a900000|  0%| F|  |TAMS 0x000000008a800000, 0x000000008a800000| Untracked 
|  21|0x000000008a900000, 0x000000008a900000, 0x000000008aa00000|  0%| F|  |TAMS 0x000000008a900000, 0x000000008a900000| Untracked 
|  22|0x000000008aa00000, 0x000000008aa00000, 0x000000008ab00000|  0%| F|  |TAMS 0x000000008aa00000, 0x000000008aa00000| Untracked 
|  23|0x000000008ab00000, 0x000000008ab00000, 0x000000008ac00000|  0%| F|  |TAMS 0x000000008ab00000, 0x000000008ab00000| Untracked 
|  24|0x000000008ac00000, 0x000000008ac00000, 0x000000008ad00000|  0%| F|  |TAMS 0x000000008ac00000, 0x000000008ac00000| Untracked 
|  25|0x000000008ad00000, 0x000000008ad00000, 0x000000008ae00000|  0%| F|  |TAMS 0x000000008ad00000, 0x000000008ad00000| Untracked 
|  26|0x000000008ae00000, 0x000000008ae00000, 0x000000008af00000|  0%| F|  |TAMS 0x000000008ae00000, 0x000000008ae00000| Untracked 
|  27|0x000000008af00000, 0x000000008af00000, 0x000000008b000000|  0%| F|  |TAMS 0x000000008af00000, 0x000000008af00000| Untracked 
|  28|0x000000008b000000, 0x000000008b000000, 0x000000008b100000|  0%| F|  |TAMS 0x000000008b000000, 0x000000008b000000| Untracked 
|  29|0x000000008b100000, 0x000000008b100000, 0x000000008b200000|  0%| F|  |TAMS 0x000000008b100000, 0x000000008b100000| Untracked 
|  30|0x000000008b200000, 0x000000008b200000, 0x000000008b300000|  0%| F|  |TAMS 0x000000008b200000, 0x000000008b200000| Untracked 
|  31|0x000000008b300000, 0x000000008b300000, 0x000000008b400000|  0%| F|  |TAMS 0x000000008b300000, 0x000000008b300000| Untracked 
|  32|0x000000008b400000, 0x000000008b400000, 0x000000008b500000|  0%| F|  |TAMS 0x000000008b400000, 0x000000008b400000| Untracked 
|  33|0x000000008b500000, 0x000000008b500000, 0x000000008b600000|  0%| F|  |TAMS 0x000000008b500000, 0x000000008b500000| Untracked 
|  34|0x000000008b600000, 0x000000008b600000, 0x000000008b700000|  0%| F|  |TAMS 0x000000008b600000, 0x000000008b600000| Untracked 
|  35|0x000000008b700000, 0x000000008b700000, 0x000000008b800000|  0%| F|  |TAMS 0x000000008b700000, 0x000000008b700000| Untracked 
|  36|0x000000008b800000, 0x000000008b800000, 0x000000008b900000|  0%| F|  |TAMS 0x000000008b800000, 0x000000008b800000| Untracked 
|  37|0x000000008b900000, 0x000000008b900000, 0x000000008ba00000|  0%| F|  |TAMS 0x000000008b900000, 0x000000008b900000| Untracked 
|  38|0x000000008ba00000, 0x000000008ba00000, 0x000000008bb00000|  0%| F|  |TAMS 0x000000008ba00000, 0x000000008ba00000| Untracked 
|  39|0x000000008bb00000, 0x000000008bb00000, 0x000000008bc00000|  0%| F|  |TAMS 0x000000008bb00000, 0x000000008bb00000| Untracked 
|  40|0x000000008bc00000, 0x000000008bc00000, 0x000000008bd00000|  0%| F|  |TAMS 0x000000008bc00000, 0x000000008bc00000| Untracked 
|  41|0x000000008bd00000, 0x000000008bd00000, 0x000000008be00000|  0%| F|  |TAMS 0x000000008bd00000, 0x000000008bd00000| Untracked 
|  42|0x000000008be00000, 0x000000008be00000, 0x000000008bf00000|  0%| F|  |TAMS 0x000000008be00000, 0x000000008be00000| Untracked 
|  43|0x000000008bf00000, 0x000000008bf00000, 0x000000008c000000|  0%| F|  |TAMS 0x000000008bf00000, 0x000000008bf00000| Untracked 
|  44|0x000000008c000000, 0x000000008c000000, 0x000000008c100000|  0%| F|  |TAMS 0x000000008c000000, 0x000000008c000000| Untracked 
|  45|0x000000008c100000, 0x000000008c100000, 0x000000008c200000|  0%| F|  |TAMS 0x000000008c100000, 0x000000008c100000| Untracked 
|  46|0x000000008c200000, 0x000000008c200000, 0x000000008c300000|  0%| F|  |TAMS 0x000000008c200000, 0x000000008c200000| Untracked 
|  47|0x000000008c300000, 0x000000008c300000, 0x000000008c400000|  0%| F|  |TAMS 0x000000008c300000, 0x000000008c300000| Untracked 
|  48|0x000000008c400000, 0x000000008c400000, 0x000000008c500000|  0%| F|  |TAMS 0x000000008c400000, 0x000000008c400000| Untracked 
|  49|0x000000008c500000, 0x000000008c500000, 0x000000008c600000|  0%| F|  |TAMS 0x000000008c500000, 0x000000008c500000| Untracked 
|  50|0x000000008c600000, 0x000000008c600000, 0x000000008c700000|  0%| F|  |TAMS 0x000000008c600000, 0x000000008c600000| Untracked 
|  51|0x000000008c700000, 0x000000008c700000, 0x000000008c800000|  0%| F|  |TAMS 0x000000008c700000, 0x000000008c700000| Untracked 
|  52|0x000000008c800000, 0x000000008c800000, 0x000000008c900000|  0%| F|  |TAMS 0x000000008c800000, 0x000000008c800000| Untracked 
|  53|0x000000008c900000, 0x000000008c900000, 0x000000008ca00000|  0%| F|  |TAMS 0x000000008c900000, 0x000000008c900000| Untracked 
|  54|0x000000008ca00000, 0x000000008ca00000, 0x000000008cb00000|  0%| F|  |TAMS 0x000000008ca00000, 0x000000008ca00000| Untracked 
|  55|0x000000008cb00000, 0x000000008cb00000, 0x000000008cc00000|  0%| F|  |TAMS 0x000000008cb00000, 0x000000008cb00000| Untracked 
|  56|0x000000008cc00000, 0x000000008cc00000, 0x000000008cd00000|  0%| F|  |TAMS 0x000000008cc00000, 0x000000008cc00000| Untracked 
|  57|0x000000008cd00000, 0x000000008cd00000, 0x000000008ce00000|  0%| F|  |TAMS 0x000000008cd00000, 0x000000008cd00000| Untracked 
|  58|0x000000008ce00000, 0x000000008ce00000, 0x000000008cf00000|  0%| F|  |TAMS 0x000000008ce00000, 0x000000008ce00000| Untracked 
|  59|0x000000008cf00000, 0x000000008cf00000, 0x000000008d000000|  0%| F|  |TAMS 0x000000008cf00000, 0x000000008cf00000| Untracked 
|  60|0x000000008d000000, 0x000000008d000000, 0x000000008d100000|  0%| F|  |TAMS 0x000000008d000000, 0x000000008d000000| Untracked 
|  61|0x000000008d100000, 0x000000008d100000, 0x000000008d200000|  0%| F|  |TAMS 0x000000008d100000, 0x000000008d100000| Untracked 
|  62|0x000000008d200000, 0x000000008d200000, 0x000000008d300000|  0%| F|  |TAMS 0x000000008d200000, 0x000000008d200000| Untracked 
|  63|0x000000008d300000, 0x000000008d300000, 0x000000008d400000|  0%| F|  |TAMS 0x000000008d300000, 0x000000008d300000| Untracked 
|  64|0x000000008d400000, 0x000000008d400000, 0x000000008d500000|  0%| F|  |TAMS 0x000000008d400000, 0x000000008d400000| Untracked 
|  65|0x000000008d500000, 0x000000008d500000, 0x000000008d600000|  0%| F|  |TAMS 0x000000008d500000, 0x000000008d500000| Untracked 
|  66|0x000000008d600000, 0x000000008d600000, 0x000000008d700000|  0%| F|  |TAMS 0x000000008d600000, 0x000000008d600000| Untracked 
|  67|0x000000008d700000, 0x000000008d700000, 0x000000008d800000|  0%| F|  |TAMS 0x000000008d700000, 0x000000008d700000| Untracked 
|  68|0x000000008d800000, 0x000000008d800000, 0x000000008d900000|  0%| F|  |TAMS 0x000000008d800000, 0x000000008d800000| Untracked 
|  69|0x000000008d900000, 0x000000008d900000, 0x000000008da00000|  0%| F|  |TAMS 0x000000008d900000, 0x000000008d900000| Untracked 
|  70|0x000000008da00000, 0x000000008da00000, 0x000000008db00000|  0%| F|  |TAMS 0x000000008da00000, 0x000000008da00000| Untracked 
|  71|0x000000008db00000, 0x000000008db00000, 0x000000008dc00000|  0%| F|  |TAMS 0x000000008db00000, 0x000000008db00000| Untracked 
|  72|0x000000008dc00000, 0x000000008dc00000, 0x000000008dd00000|  0%| F|  |TAMS 0x000000008dc00000, 0x000000008dc00000| Untracked 
|  73|0x000000008dd00000, 0x000000008ddc09f0, 0x000000008de00000| 75%| S|CS|TAMS 0x000000008dd00000, 0x000000008dd00000| Complete 
|  74|0x000000008de00000, 0x000000008df00000, 0x000000008df00000|100%| S|CS|TAMS 0x000000008de00000, 0x000000008de00000| Complete 
|  75|0x000000008df00000, 0x000000008e000000, 0x000000008e000000|100%| S|CS|TAMS 0x000000008df00000, 0x000000008df00000| Complete 
|  76|0x000000008e000000, 0x000000008e100000, 0x000000008e100000|100%| S|CS|TAMS 0x000000008e000000, 0x000000008e000000| Complete 
|  77|0x000000008e100000, 0x000000008e100000, 0x000000008e200000|  0%| F|  |TAMS 0x000000008e100000, 0x000000008e100000| Untracked 
|  78|0x000000008e200000, 0x000000008e200000, 0x000000008e300000|  0%| F|  |TAMS 0x000000008e200000, 0x000000008e200000| Untracked 
|  79|0x000000008e300000, 0x000000008e300000, 0x000000008e400000|  0%| F|  |TAMS 0x000000008e300000, 0x000000008e300000| Untracked 
|  80|0x000000008e400000, 0x000000008e500000, 0x000000008e500000|100%| E|  |TAMS 0x000000008e400000, 0x000000008e400000| Complete 
|  81|0x000000008e500000, 0x000000008e600000, 0x000000008e600000|100%| E|CS|TAMS 0x000000008e500000, 0x000000008e500000| Complete 
|  82|0x000000008e600000, 0x000000008e700000, 0x000000008e700000|100%| E|CS|TAMS 0x000000008e600000, 0x000000008e600000| Complete 
|  83|0x000000008e700000, 0x000000008e800000, 0x000000008e800000|100%| E|CS|TAMS 0x000000008e700000, 0x000000008e700000| Complete 
|  84|0x000000008e800000, 0x000000008e900000, 0x000000008e900000|100%| E|CS|TAMS 0x000000008e800000, 0x000000008e800000| Complete 
|  85|0x000000008e900000, 0x000000008ea00000, 0x000000008ea00000|100%| E|CS|TAMS 0x000000008e900000, 0x000000008e900000| Complete 
|  86|0x000000008ea00000, 0x000000008eb00000, 0x000000008eb00000|100%| E|CS|TAMS 0x000000008ea00000, 0x000000008ea00000| Complete 
|  87|0x000000008eb00000, 0x000000008ec00000, 0x000000008ec00000|100%| E|CS|TAMS 0x000000008eb00000, 0x000000008eb00000| Complete 
|  88|0x000000008ec00000, 0x000000008ed00000, 0x000000008ed00000|100%| E|CS|TAMS 0x000000008ec00000, 0x000000008ec00000| Complete 
|  89|0x000000008ed00000, 0x000000008ee00000, 0x000000008ee00000|100%| E|CS|TAMS 0x000000008ed00000, 0x000000008ed00000| Complete 
|  90|0x000000008ee00000, 0x000000008ef00000, 0x000000008ef00000|100%| E|CS|TAMS 0x000000008ee00000, 0x000000008ee00000| Complete 
|  91|0x000000008ef00000, 0x000000008f000000, 0x000000008f000000|100%| E|CS|TAMS 0x000000008ef00000, 0x000000008ef00000| Complete 
|  92|0x000000008f000000, 0x000000008f100000, 0x000000008f100000|100%| E|CS|TAMS 0x000000008f000000, 0x000000008f000000| Complete 
|  93|0x000000008f100000, 0x000000008f200000, 0x000000008f200000|100%| E|CS|TAMS 0x000000008f100000, 0x000000008f100000| Complete 
|  94|0x000000008f200000, 0x000000008f300000, 0x000000008f300000|100%| E|CS|TAMS 0x000000008f200000, 0x000000008f200000| Complete 
|  95|0x000000008f300000, 0x000000008f400000, 0x000000008f400000|100%| E|CS|TAMS 0x000000008f300000, 0x000000008f300000| Complete 
|  96|0x000000008f400000, 0x000000008f500000, 0x000000008f500000|100%| E|CS|TAMS 0x000000008f400000, 0x000000008f400000| Complete 
|  97|0x000000008f500000, 0x000000008f600000, 0x000000008f600000|100%| E|CS|TAMS 0x000000008f500000, 0x000000008f500000| Complete 
|  98|0x000000008f600000, 0x000000008f700000, 0x000000008f700000|100%| E|CS|TAMS 0x000000008f600000, 0x000000008f600000| Complete 
|  99|0x000000008f700000, 0x000000008f800000, 0x000000008f800000|100%| E|CS|TAMS 0x000000008f700000, 0x000000008f700000| Complete 
| 100|0x000000008f800000, 0x000000008f900000, 0x000000008f900000|100%| E|CS|TAMS 0x000000008f800000, 0x000000008f800000| Complete 
| 101|0x000000008f900000, 0x000000008fa00000, 0x000000008fa00000|100%| E|CS|TAMS 0x000000008f900000, 0x000000008f900000| Complete 
| 102|0x000000008fa00000, 0x000000008fb00000, 0x000000008fb00000|100%| E|CS|TAMS 0x000000008fa00000, 0x000000008fa00000| Complete 
| 103|0x000000008fb00000, 0x000000008fc00000, 0x000000008fc00000|100%| E|CS|TAMS 0x000000008fb00000, 0x000000008fb00000| Complete 
| 104|0x000000008fc00000, 0x000000008fd00000, 0x000000008fd00000|100%| E|CS|TAMS 0x000000008fc00000, 0x000000008fc00000| Complete 
| 105|0x000000008fd00000, 0x000000008fe00000, 0x000000008fe00000|100%| E|CS|TAMS 0x000000008fd00000, 0x000000008fd00000| Complete 
| 106|0x000000008fe00000, 0x000000008ff00000, 0x000000008ff00000|100%| E|CS|TAMS 0x000000008fe00000, 0x000000008fe00000| Complete 
| 107|0x000000008ff00000, 0x0000000090000000, 0x0000000090000000|100%| E|CS|TAMS 0x000000008ff00000, 0x000000008ff00000| Complete 
| 108|0x0000000090000000, 0x0000000090100000, 0x0000000090100000|100%| E|CS|TAMS 0x0000000090000000, 0x0000000090000000| Complete 
| 109|0x0000000090100000, 0x0000000090200000, 0x0000000090200000|100%| E|CS|TAMS 0x0000000090100000, 0x0000000090100000| Complete 
| 110|0x0000000090200000, 0x0000000090300000, 0x0000000090300000|100%| E|CS|TAMS 0x0000000090200000, 0x0000000090200000| Complete 
| 111|0x0000000090300000, 0x0000000090400000, 0x0000000090400000|100%| E|CS|TAMS 0x0000000090300000, 0x0000000090300000| Complete 
| 112|0x0000000090400000, 0x0000000090500000, 0x0000000090500000|100%| E|CS|TAMS 0x0000000090400000, 0x0000000090400000| Complete 
| 113|0x0000000090500000, 0x0000000090600000, 0x0000000090600000|100%| E|CS|TAMS 0x0000000090500000, 0x0000000090500000| Complete 
| 114|0x0000000090600000, 0x0000000090700000, 0x0000000090700000|100%| E|CS|TAMS 0x0000000090600000, 0x0000000090600000| Complete 
| 115|0x0000000090700000, 0x0000000090800000, 0x0000000090800000|100%| E|CS|TAMS 0x0000000090700000, 0x0000000090700000| Complete 
| 116|0x0000000090800000, 0x0000000090900000, 0x0000000090900000|100%| E|CS|TAMS 0x0000000090800000, 0x0000000090800000| Complete 
| 117|0x0000000090900000, 0x0000000090a00000, 0x0000000090a00000|100%| E|CS|TAMS 0x0000000090900000, 0x0000000090900000| Complete 
| 118|0x0000000090a00000, 0x0000000090b00000, 0x0000000090b00000|100%| E|CS|TAMS 0x0000000090a00000, 0x0000000090a00000| Complete 
| 119|0x0000000090b00000, 0x0000000090c00000, 0x0000000090c00000|100%| E|CS|TAMS 0x0000000090b00000, 0x0000000090b00000| Complete 
|1898|0x00000000ffe00000, 0x00000000ffe75000, 0x00000000fff00000| 45%|OA|  |TAMS 0x00000000ffe00000, 0x00000000ffe00000| Untracked 
|1899|0x00000000fff00000, 0x00000000fff77000, 0x0000000100000000| 46%|CA|  |TAMS 0x00000000fff00000, 0x00000000fff00000| Untracked 

Card table byte_map: [0x0000729e34c94000,0x0000729e3504a000] _byte_map_base: 0x0000729e3484a000

Marking Bits (Prev, Next): (CMBitMap*) 0x0000729e4c06c720, (CMBitMap*) 0x0000729e4c06c760
 Prev Bits: [0x0000729e32b2e000, 0x0000729e348de000)
 Next Bits: [0x0000729e30d7e000, 0x0000729e32b2e000)

Polling page: 0x0000729e52312000

Metaspace:

Usage:
  Non-class:     17,06 MB used.
      Class:      2,42 MB used.
       Both:     19,48 MB used.

Virtual space:
  Non-class space:       64,00 MB reserved,      17,25 MB ( 27%) committed,  1 nodes.
      Class space:        1,00 GB reserved,       2,56 MB ( <1%) committed,  1 nodes.
             Both:        1,06 GB reserved,      19,81 MB (  2%) committed. 

Chunk freelists:
   Non-Class:  14,14 MB
       Class:  13,42 MB
        Both:  27,56 MB

MaxMetaspaceSize: unlimited
CompressedClassSpaceSize: 1,00 GB
Initial GC threshold: 21,00 MB
Current GC threshold: 21,00 MB
CDS: on
MetaspaceReclaimPolicy: balanced
 - commit_granule_bytes: 65536.
 - commit_granule_words: 8192.
 - virtual_space_node_default_size: 8388608.
 - enlarge_chunks_in_place: 1.
 - new_chunks_are_fully_committed: 0.
 - uncommit_free_chunks: 1.
 - use_allocation_guard: 0.
 - handle_deallocations: 1.


Internal statistics:

num_allocs_failed_limit: 0.
num_arena_births: 394.
num_arena_deaths: 0.
num_vsnodes_births: 2.
num_vsnodes_deaths: 0.
num_space_committed: 317.
num_space_uncommitted: 0.
num_chunks_returned_to_freelist: 0.
num_chunks_taken_from_freelist: 1108.
num_chunk_merges: 0.
num_chunk_splits: 751.
num_chunks_enlarged: 551.
num_inconsistent_stats: 0.

CodeHeap 'non-profiled nmethods': size=120032Kb used=1003Kb max_used=1003Kb free=119028Kb
 bounds [0x0000729e3cec8000, 0x0000729e3d138000, 0x0000729e44400000]
CodeHeap 'profiled nmethods': size=120028Kb used=5287Kb max_used=5287Kb free=114740Kb
 bounds [0x0000729e35400000, 0x0000729e35930000, 0x0000729e3c937000]
CodeHeap 'non-nmethods': size=5700Kb used=1202Kb max_used=1264Kb free=4497Kb
 bounds [0x0000729e3c937000, 0x0000729e3cba7000, 0x0000729e3cec8000]
 total_blobs=3556 nmethods=3050 adapters=419
 compilation: enabled
              stopped_count=0, restarted_count=0
 full_count=0

Compilation events (20 events):
Event: 2,941 Thread 0x0000729e4c11b9f0 3065       2       java.lang.invoke.MethodType::dropParameterTypes (162 bytes)
Event: 2,942 Thread 0x0000729e4c11b9f0 nmethod 3065 0x0000729e35921910 code [0x0000729e35921b80, 0x0000729e35922180]
Event: 2,942 Thread 0x0000729e4c11b9f0 3067       2       java.lang.invoke.LambdaForm$Name::internArguments (62 bytes)
Event: 2,942 Thread 0x0000729e4c11b9f0 nmethod 3067 0x0000729e35922510 code [0x0000729e359226c0, 0x0000729e35922a00]
Event: 2,942 Thread 0x0000729e4c11b9f0 3068       2       java.lang.invoke.MethodHandleNatives::refKindIsGetter (32 bytes)
Event: 2,943 Thread 0x0000729e4c11b9f0 nmethod 3068 0x0000729e35922b90 code [0x0000729e35922d20, 0x0000729e35922e10]
Event: 2,943 Thread 0x0000729e4c11b9f0 3069       2       java.lang.invoke.MemberName$Factory::resolveOrNull (54 bytes)
Event: 2,944 Thread 0x0000729e4c11b9f0 nmethod 3069 0x0000729e35922e90 code [0x0000729e35923040, 0x0000729e359231c0]
Event: 2,944 Thread 0x0000729e4c11b9f0 3071       2       java.lang.invoke.LambdaForm::methodType (48 bytes)
Event: 2,945 Thread 0x0000729e4c11b9f0 nmethod 3071 0x0000729e35923290 code [0x0000729e35923460, 0x0000729e35923810]
Event: 2,945 Thread 0x0000729e4c11b9f0 3072       2       java.lang.invoke.InvokerBytecodeGenerator::isStaticallyNameable (148 bytes)
Event: 2,946 Thread 0x0000729e4c11b9f0 nmethod 3072 0x0000729e35923a90 code [0x0000729e35923d00, 0x0000729e35924410]
Event: 2,946 Thread 0x0000729e4c11b9f0 3073       2       jdk.internal.org.objectweb.asm.AnnotationVisitor::<init> (7 bytes)
Event: 2,946 Thread 0x0000729e4c11b9f0 nmethod 3073 0x0000729e35924790 code [0x0000729e35924940, 0x0000729e35924a60]
Event: 2,946 Thread 0x0000729e4c11b9f0 3074       2       jdk.internal.org.objectweb.asm.AnnotationVisitor::<init> (88 bytes)
Event: 2,947 Thread 0x0000729e4c11b9f0 nmethod 3074 0x0000729e35924b10 code [0x0000729e35924d20, 0x0000729e35925120]
Event: 2,947 Thread 0x0000729e4c11b9f0 3075       2       jdk.internal.org.objectweb.asm.AnnotationWriter::visitEnd (44 bytes)
Event: 2,947 Thread 0x0000729e4c11b9f0 nmethod 3075 0x0000729e35925310 code [0x0000729e359254c0, 0x0000729e35925630]
Event: 2,947 Thread 0x0000729e4c11b9f0 3076       1       java.lang.invoke.ClassSpecializer$SpeciesData::getterFunctions (5 bytes)
Event: 2,947 Thread 0x0000729e4c11b9f0 nmethod 3076 0x0000729e3cfc2710 code [0x0000729e3cfc28a0, 0x0000729e3cfc2970]

GC Heap History (6 events):
Event: 0,677 GC heap before
{Heap before GC invocations=0 (full 0):
 garbage-first heap   total 124928K, used 14256K [0x0000000089400000, 0x0000000100000000)
  region size 1024K, 13 young (13312K), 0 survivors (0K)
 Metaspace       used 3058K, committed 3328K, reserved 1114112K
  class space    used 320K, committed 448K, reserved 1048576K
}
Event: 0,680 GC heap after
{Heap after GC invocations=1 (full 0):
 garbage-first heap   total 124928K, used 2160K [0x0000000089400000, 0x0000000100000000)
  region size 1024K, 2 young (2048K), 2 survivors (2048K)
 Metaspace       used 3058K, committed 3328K, reserved 1114112K
  class space    used 320K, committed 448K, reserved 1048576K
}
Event: 1,460 GC heap before
{Heap before GC invocations=1 (full 0):
 garbage-first heap   total 124928K, used 29808K [0x0000000089400000, 0x0000000100000000)
  region size 1024K, 29 young (29696K), 2 survivors (2048K)
 Metaspace       used 8932K, committed 9280K, reserved 1114112K
  class space    used 1136K, committed 1280K, reserved 1048576K
}
Event: 1,467 GC heap after
{Heap after GC invocations=2 (full 0):
 garbage-first heap   total 124928K, used 4127K [0x0000000089400000, 0x0000000100000000)
  region size 1024K, 4 young (4096K), 4 survivors (4096K)
 Metaspace       used 8932K, committed 9280K, reserved 1114112K
  class space    used 1136K, committed 1280K, reserved 1048576K
}
Event: 2,079 GC heap before
{Heap before GC invocations=2 (full 0):
 garbage-first heap   total 124928K, used 44063K [0x0000000089400000, 0x0000000100000000)
  region size 1024K, 43 young (44032K), 4 survivors (4096K)
 Metaspace       used 15044K, committed 15360K, reserved 1114112K
  class space    used 1874K, committed 1984K, reserved 1048576K
}
Event: 2,087 GC heap after
{Heap after GC invocations=3 (full 0):
 garbage-first heap   total 124928K, used 5895K [0x0000000089400000, 0x0000000100000000)
  region size 1024K, 4 young (4096K), 4 survivors (4096K)
 Metaspace       used 15044K, committed 15360K, reserved 1114112K
  class space    used 1874K, committed 1984K, reserved 1048576K
}

Dll operation events (6 events):
Event: 0,019 Loaded shared library /usr/lib/jvm/java-17-openjdk-amd64/lib/libjava.so
Event: 0,082 Loaded shared library /usr/lib/jvm/java-17-openjdk-amd64/lib/libjsvml.so
Event: 0,104 Loaded shared library /usr/lib/jvm/java-17-openjdk-amd64/lib/libnio.so
Event: 0,108 Loaded shared library /usr/lib/jvm/java-17-openjdk-amd64/lib/libzip.so
Event: 0,181 Loaded shared library /usr/lib/jvm/java-17-openjdk-amd64/lib/libjimage.so
Event: 0,257 Loaded shared library /usr/lib/jvm/java-17-openjdk-amd64/lib/libnet.so

Deoptimization events (20 events):
Event: 2,460 Thread 0x0000729e4c014010 DEOPT PACKING pc=0x0000729e3cf970d4 sp=0x0000729e507fd220
Event: 2,460 Thread 0x0000729e4c014010 DEOPT UNPACKING pc=0x0000729e3c98d699 sp=0x0000729e507fd130 mode 2
Event: 2,484 Thread 0x0000729e4c014010 DEOPT PACKING pc=0x0000729e357dd33b sp=0x0000729e507fcde0
Event: 2,485 Thread 0x0000729e4c014010 DEOPT UNPACKING pc=0x0000729e3c98de2f sp=0x0000729e507fc270 mode 0
Event: 2,655 Thread 0x0000729e4c014010 Uncommon trap: trap_request=0xffffffde fr.pc=0x0000729e3cf12848 relative=0x00000000000001a8
Event: 2,655 Thread 0x0000729e4c014010 Uncommon trap: reason=class_check action=maybe_recompile pc=0x0000729e3cf12848 method=java.lang.String.equals(Ljava/lang/Object;)Z @ 8 c2
Event: 2,655 Thread 0x0000729e4c014010 DEOPT PACKING pc=0x0000729e3cf12848 sp=0x0000729e507fd500
Event: 2,655 Thread 0x0000729e4c014010 DEOPT UNPACKING pc=0x0000729e3c98d699 sp=0x0000729e507fd4b8 mode 2
Event: 2,655 Thread 0x0000729e4c014010 Uncommon trap: trap_request=0xffffffde fr.pc=0x0000729e3cf12848 relative=0x00000000000001a8
Event: 2,655 Thread 0x0000729e4c014010 Uncommon trap: reason=class_check action=maybe_recompile pc=0x0000729e3cf12848 method=java.lang.String.equals(Ljava/lang/Object;)Z @ 8 c2
Event: 2,655 Thread 0x0000729e4c014010 DEOPT PACKING pc=0x0000729e3cf12848 sp=0x0000729e507fd500
Event: 2,655 Thread 0x0000729e4c014010 DEOPT UNPACKING pc=0x0000729e3c98d699 sp=0x0000729e507fd4b8 mode 2
Event: 2,655 Thread 0x0000729e4c014010 Uncommon trap: trap_request=0xffffffde fr.pc=0x0000729e3cf12848 relative=0x00000000000001a8
Event: 2,655 Thread 0x0000729e4c014010 Uncommon trap: reason=class_check action=maybe_recompile pc=0x0000729e3cf12848 method=java.lang.String.equals(Ljava/lang/Object;)Z @ 8 c2
Event: 2,655 Thread 0x0000729e4c014010 DEOPT PACKING pc=0x0000729e3cf12848 sp=0x0000729e507fd500
Event: 2,655 Thread 0x0000729e4c014010 DEOPT UNPACKING pc=0x0000729e3c98d699 sp=0x0000729e507fd4b8 mode 2
Event: 2,656 Thread 0x0000729e4c014010 Uncommon trap: trap_request=0xffffffde fr.pc=0x0000729e3cf12848 relative=0x00000000000001a8
Event: 2,656 Thread 0x0000729e4c014010 Uncommon trap: reason=class_check action=maybe_recompile pc=0x0000729e3cf12848 method=java.lang.String.equals(Ljava/lang/Object;)Z @ 8 c2
Event: 2,656 Thread 0x0000729e4c014010 DEOPT PACKING pc=0x0000729e3cf12848 sp=0x0000729e507fd190
Event: 2,656 Thread 0x0000729e4c014010 DEOPT UNPACKING pc=0x0000729e3c98d699 sp=0x0000729e507fd148 mode 2

Classes unloaded (0 events):
No events

Classes redefined (0 events):
No events

Internal exceptions (20 events):
Event: 1,316 Thread 0x0000729e4c014010 Exception <a 'java/lang/NoSuchMethodError'{0x000000008f4523d0}: 'java.lang.Object java.lang.invoke.DirectMethodHandle$Holder.invokeVirtual(java.lang.Object, java.lang.Object, java.lang.Object)'> (0x000000008f4523d0) 
thrown [./src/hotspot/share/interpreter/linkResolver.cpp, line 758]
Event: 1,322 Thread 0x0000729e4c014010 Exception <a 'java/lang/NoSuchMethodError'{0x000000008f478d70}: 'java.lang.Object java.lang.invoke.DirectMethodHandle$Holder.invokeStatic(java.lang.Object, java.lang.Object, long, java.lang.Object)'> (0x000000008f478d70) 
thrown [./src/hotspot/share/interpreter/linkResolver.cpp, line 758]
Event: 1,322 Thread 0x0000729e4c014010 Exception <a 'java/lang/NoSuchMethodError'{0x000000008f47c808}: 'java.lang.Object java.lang.invoke.DirectMethodHandle$Holder.invokeStaticInit(java.lang.Object, java.lang.Object, long, java.lang.Object)'> (0x000000008f47c808) 
thrown [./src/hotspot/share/interpreter/linkResolver.cpp, line 758]
Event: 1,323 Thread 0x0000729e4c014010 Exception <a 'java/lang/NoSuchMethodError'{0x000000008f483230}: 'java.lang.Object java.lang.invoke.DirectMethodHandle$Holder.newInvokeSpecial(java.lang.Object, java.lang.Object, long)'> (0x000000008f483230) 
thrown [./src/hotspot/share/interpreter/linkResolver.cpp, line 758]
Event: 1,324 Thread 0x0000729e4c014010 Exception <a 'java/lang/NoSuchMethodError'{0x000000008f486da0}: 'java.lang.Object java.lang.invoke.Invokers$Holder.linkToTargetMethod(java.lang.Object, long, java.lang.Object)'> (0x000000008f486da0) 
thrown [./src/hotspot/share/interpreter/linkResolver.cpp, line 758]
Event: 1,345 Thread 0x0000729e4c014010 Exception <a 'java/lang/NoSuchMethodError'{0x000000008f3184d0}: 'void java.lang.invoke.DirectMethodHandle$Holder.invokeVirtual(java.lang.Object, java.lang.Object, java.lang.Object, java.lang.Object)'> (0x000000008f3184d0) 
thrown [./src/hotspot/share/interpreter/linkResolver.cpp, line 758]
Event: 1,407 Thread 0x0000729e4c014010 Exception <a 'java/lang/IncompatibleClassChangeError'{0x000000008f1419d0}: Found class java.lang.Object, but interface was expected> (0x000000008f1419d0) 
thrown [./src/hotspot/share/interpreter/linkResolver.cpp, line 826]
Event: 1,416 Thread 0x0000729e4c68e3b0 Exception <a 'java/lang/NoClassDefFoundError'{0x000000008f19efd0}: jakarta/validation/Validation> (0x000000008f19efd0) 
thrown [./src/hotspot/share/classfile/systemDictionary.cpp, line 245]
Event: 1,999 Thread 0x0000729e4c68e3b0 Exception <a 'java/lang/NoSuchMethodError'{0x000000008e4c03a8}: 'long java.lang.invoke.DirectMethodHandle$Holder.invokeSpecial(java.lang.Object, java.lang.Object)'> (0x000000008e4c03a8) 
thrown [./src/hotspot/share/interpreter/linkResolver.cpp, line 758]
Event: 2,003 Thread 0x0000729e4c68e3b0 Exception <a 'java/lang/NoSuchMethodError'{0x000000008e4cb358}: 'long java.lang.invoke.DirectMethodHandle$Holder.invokeStatic(java.lang.Object, java.lang.Object)'> (0x000000008e4cb358) 
thrown [./src/hotspot/share/interpreter/linkResolver.cpp, line 758]
Event: 2,004 Thread 0x0000729e4c68e3b0 Exception <a 'java/lang/NoSuchMethodError'{0x000000008e4ce958}: 'long java.lang.invoke.DirectMethodHandle$Holder.invokeStaticInit(java.lang.Object, java.lang.Object)'> (0x000000008e4ce958) 
thrown [./src/hotspot/share/interpreter/linkResolver.cpp, line 758]
Event: 2,008 Thread 0x0000729e4c68e3b0 Exception <a 'java/lang/NoSuchMethodError'{0x000000008e4dc4a0}: 'long java.lang.invoke.DirectMethodHandle$Holder.invokeInterface(java.lang.Object, java.lang.Object)'> (0x000000008e4dc4a0) 
thrown [./src/hotspot/share/interpreter/linkResolver.cpp, line 758]
Event: 2,009 Thread 0x0000729e4c68e3b0 Exception <a 'java/lang/IncompatibleClassChangeError'{0x000000008e4dfa30}: Found class java.lang.Object, but interface was expected> (0x000000008e4dfa30) 
thrown [./src/hotspot/share/interpreter/linkResolver.cpp, line 826]
Event: 2,033 Thread 0x0000729e4c68e3b0 Exception <a 'java/lang/NoSuchMethodError'{0x000000008e2d4fa0}: 'java.lang.Object java.lang.invoke.DirectMethodHandle$Holder.invokeVirtual(java.lang.Object, java.lang.Object, java.lang.Object, java.lang.Object)'> (0x000000008e2d4fa0) 
thrown [./src/hotspot/share/interpreter/linkResolver.cpp, line 758]
Event: 2,116 Thread 0x0000729e4c014010 Exception <a 'java/lang/ClassNotFoundException'{0x0000000090a21a88}: org/springframework/boot/loader/net/protocol/jar/Handler> (0x0000000090a21a88) 
thrown [./src/hotspot/share/classfile/systemDictionary.cpp, line 256]
Event: 2,387 Thread 0x0000729e4c014010 Exception <a 'java/lang/IncompatibleClassChangeError'{0x000000008fd0ff20}: Found class java.lang.Object, but interface was expected> (0x000000008fd0ff20) 
thrown [./src/hotspot/share/interpreter/linkResolver.cpp, line 826]
Event: 2,939 Thread 0x0000729e4c014010 Exception <a 'java/lang/NoSuchMethodError'{0x000000008e6fc288}: 'java.lang.Object java.lang.invoke.DirectMethodHandle$Holder.invokeSpecial(java.lang.Object, java.lang.Object, java.lang.Object, java.lang.Object, java.lang.Object, java.lang.Object, java.lang.Object, java.lang.Object, java.lang.Object, java.lang.Object, java.lang.Object, java.lang.Object, java.lang.Object, java.lang.Object)'> (0x000000008e6fc288) 
thrown [./src/hotspot/share/interpreter/linkResolver.cpp, line 758]
Event: 2,940 Thread 0x0000729e4c014010 Exception <a 'java/lang/NoSuchMethodError'{0x000000008e5013f0}: 'java.lang.Object java.lang.invoke.Invokers$Holder.invoker(java.lang.Object, java.lang.Object, java.lang.Object, java.lang.Object, java.lang.Object, java.lang.Object, java.lang.Object, java.lang.Object, java.lang.Object, java.lang.Object, java.lang.Object, java.lang.Object, java.lang.Object, java.lang.Object)'> (0x000000008e5013f0) 
thrown [./src/hotspot/share/interpreter/linkResolver.cpp, line 758]
Event: 2,940 Thread 0x0000729e4c014010 Exception <a 'java/lang/NoSuchMethodError'{0x000000008e506bf8}: 'java.lang.Object java.lang.invoke.DirectMethodHandle$Holder.invokeSpecial(java.lang.Object, java.lang.Object, java.lang.Object, java.lang.Object, java.lang.Object, java.lang.Object, java.lang.Object, java.lang.Object, java.lang.Object, java.lang.Object, java.lang.Object, java.lang.Object, java.lang.Object, java.lang.Object, java.lang.Object)'> (0x000000008e506bf8) 
thrown [./src/hotspot/share/interpreter/linkResolver.cpp, line 758]
Event: 2,941 Thread 0x0000729e4c014010 Exception <a 'java/lang/NoSuchMethodError'{0x000000008e512b20}: 'int java.lang.invoke.DirectMethodHandle$Holder.invokeSpecial(java.lang.Object, java.lang.Object, int)'> (0x000000008e512b20) 
thrown [./src/hotspot/share/interpreter/linkResolver.cpp, line 758]

VM Operations (20 events):
Event: 1,460 Executing VM operation: G1CollectForAllocation
Event: 1,467 Executing VM operation: G1CollectForAllocation done
Event: 1,619 Executing VM operation: HandshakeAllThreads
Event: 1,619 Executing VM operation: HandshakeAllThreads done
Event: 1,654 Executing VM operation: HandshakeAllThreads
Event: 1,654 Executing VM operation: HandshakeAllThreads done
Event: 1,968 Executing VM operation: HandshakeAllThreads
Event: 1,968 Executing VM operation: HandshakeAllThreads done
Event: 2,075 Executing VM operation: HandshakeAllThreads
Event: 2,075 Executing VM operation: HandshakeAllThreads done
Event: 2,078 Executing VM operation: G1CollectForAllocation
Event: 2,087 Executing VM operation: G1CollectForAllocation done
Event: 2,190 Executing VM operation: HandshakeAllThreads
Event: 2,190 Executing VM operation: HandshakeAllThreads done
Event: 2,238 Executing VM operation: HandshakeAllThreads
Event: 2,238 Executing VM operation: HandshakeAllThreads done
Event: 2,526 Executing VM operation: ICBufferFull
Event: 2,526 Executing VM operation: ICBufferFull done
Event: 2,830 Executing VM operation: ICBufferFull
Event: 2,831 Executing VM operation: ICBufferFull done

Events (20 events):
Event: 2,275 loading class sun/security/provider/certpath/ldap/JdkLDAP
Event: 2,276 loading class sun/security/provider/certpath/ldap/JdkLDAP done
Event: 2,277 loading class sun/security/provider/certpath/ldap/JdkLDAP$ProviderService
Event: 2,277 loading class sun/security/provider/certpath/ldap/JdkLDAP$ProviderService done
Event: 2,286 Thread 0x0000729e4c68e3b0 Thread exited: 0x0000729e4c68e3b0
Event: 2,316 loading class javax/naming/ldap/LdapContext
Event: 2,317 loading class javax/naming/directory/DirContext
Event: 2,317 loading class javax/naming/directory/DirContext done
Event: 2,317 loading class javax/naming/ldap/LdapContext done
Event: 2,348 Thread 0x0000729e4c81e250 Thread exited: 0x0000729e4c81e250
Event: 2,933 loading class java/lang/reflect/InaccessibleObjectException
Event: 2,933 loading class java/lang/reflect/InaccessibleObjectException done
Event: 2,934 loading class java/lang/ClassFormatError
Event: 2,934 loading class java/lang/ClassFormatError done
Event: 2,942 loading class java/util/concurrent/FutureTask
Event: 2,943 loading class java/util/concurrent/RunnableFuture
Event: 2,943 loading class java/util/concurrent/RunnableFuture done
Event: 2,943 loading class java/util/concurrent/FutureTask done
Event: 2,943 loading class java/util/concurrent/FutureTask$WaitNode
Event: 2,943 loading class java/util/concurrent/FutureTask$WaitNode done


Dynamic libraries:
89400000-90c00000 rw-p 00000000 00:00 0 
90c00000-ffe00000 ---p 00000000 00:00 0 
ffe00000-ffe75000 rw-p 00c76000 08:05 1987470                            /usr/lib/jvm/java-17-openjdk-amd64/lib/server/classes.jsa
ffe75000-fff00000 rw-p 00000000 00:00 0 
fff00000-fff77000 rw-p 00bff000 08:05 1987470                            /usr/lib/jvm/java-17-openjdk-amd64/lib/server/classes.jsa
fff77000-100000000 rw-p 00000000 00:00 0 
5af2091f3000-5af2091f4000 r--p 00000000 08:05 1967728                    /usr/lib/jvm/java-17-openjdk-amd64/bin/java
5af2091f4000-5af2091f5000 r-xp 00001000 08:05 1967728                    /usr/lib/jvm/java-17-openjdk-amd64/bin/java
5af2091f5000-5af2091f6000 r--p 00002000 08:05 1967728                    /usr/lib/jvm/java-17-openjdk-amd64/bin/java
5af2091f6000-5af2091f7000 r--p 00002000 08:05 1967728                    /usr/lib/jvm/java-17-openjdk-amd64/bin/java
5af2091f7000-5af2091f8000 rw-p 00003000 08:05 1967728                    /usr/lib/jvm/java-17-openjdk-amd64/bin/java
5af2095e8000-5af20962f000 rw-p 00000000 00:00 0                          [heap]
729d84000000-729d84021000 rw-p 00000000 00:00 0 
729d84021000-729d88000000 ---p 00000000 00:00 0 
729d8c000000-729d8c021000 rw-p 00000000 00:00 0 
729d8c021000-729d90000000 ---p 00000000 00:00 0 
729d90000000-729d90021000 rw-p 00000000 00:00 0 
729d90021000-729d94000000 ---p 00000000 00:00 0 
729d94000000-729d94021000 rw-p 00000000 00:00 0 
729d94021000-729d98000000 ---p 00000000 00:00 0 
729d98000000-729d982ca000 rw-p 00000000 00:00 0 
729d982ca000-729d9c000000 ---p 00000000 00:00 0 
729d9c000000-729d9c021000 rw-p 00000000 00:00 0 
729d9c021000-729da0000000 ---p 00000000 00:00 0 
729da0000000-729da0021000 rw-p 00000000 00:00 0 
729da0021000-729da4000000 ---p 00000000 00:00 0 
729da4000000-729da4021000 rw-p 00000000 00:00 0 
729da4021000-729da8000000 ---p 00000000 00:00 0 
729da8000000-729da8021000 rw-p 00000000 00:00 0 
729da8021000-729dac000000 ---p 00000000 00:00 0 
729dac000000-729dac6b7000 rw-p 00000000 00:00 0 
729dac6b7000-729db0000000 ---p 00000000 00:00 0 
729db0000000-729db0021000 rw-p 00000000 00:00 0 
729db0021000-729db4000000 ---p 00000000 00:00 0 
729db4000000-729db4021000 rw-p 00000000 00:00 0 
729db4021000-729db8000000 ---p 00000000 00:00 0 
729db8000000-729db8dba000 rw-p 00000000 00:00 0 
729db8dba000-729dbc000000 ---p 00000000 00:00 0 
729dbc000000-729dbc021000 rw-p 00000000 00:00 0 
729dbc021000-729dc0000000 ---p 00000000 00:00 0 
729dc0000000-729dc0021000 rw-p 00000000 00:00 0 
729dc0021000-729dc4000000 ---p 00000000 00:00 0 
729dc4000000-729dc4021000 rw-p 00000000 00:00 0 
729dc4021000-729dc8000000 ---p 00000000 00:00 0 
729dc8000000-729dc8021000 rw-p 00000000 00:00 0 
729dc8021000-729dcc000000 ---p 00000000 00:00 0 
729dcc000000-729dcc021000 rw-p 00000000 00:00 0 
729dcc021000-729dd0000000 ---p 00000000 00:00 0 
729dd3000000-729dd3bc7000 rw-p 00001000 08:05 1987470                    /usr/lib/jvm/java-17-openjdk-amd64/lib/server/classes.jsa
729dd3bc7000-729dd4000000 ---p 00000000 00:00 0 
729dd4000000-729dd4030000 rw-p 00000000 00:00 0 
729dd4030000-729dd4070000 rw-p 00000000 00:00 0 
729dd4070000-729dd40f0000 rw-p 00000000 00:00 0 
729dd40f0000-729dd4100000 ---p 00000000 00:00 0 
729dd4100000-729dd42a0000 rw-p 00000000 00:00 0 
729dd42a0000-729e14000000 ---p 00000000 00:00 0 
729e14000000-729e14021000 rw-p 00000000 00:00 0 
729e14021000-729e18000000 ---p 00000000 00:00 0 
729e18000000-729e183f0000 rw-p 00000000 00:00 0 
729e183f0000-729e18df0000 rw-p 00000000 00:00 0 
729e18df0000-729e18ef0000 rw-p 00000000 00:00 0 
729e18ef0000-729e18f60000 rw-p 00000000 00:00 0 
729e18f60000-729e19000000 ---p 00000000 00:00 0 
729e19000000-729e191f0000 rw-p 00000000 00:00 0 
729e191f0000-729e1c000000 ---p 00000000 00:00 0 
729e1c000000-729e1c021000 rw-p 00000000 00:00 0 
729e1c021000-729e20000000 ---p 00000000 00:00 0 
729e2096f000-729e20bfc000 rw-p 00000000 00:00 0 
729e20bfc000-729e20c00000 ---p 00000000 00:00 0 
729e20c00000-729e20cfc000 rw-p 00000000 00:00 0 
729e20cfc000-729e20cfd000 ---p 00000000 00:00 0 
729e20cfd000-729e20dfd000 rw-p 00000000 00:00 0 
729e20dfd000-729e20dfe000 ---p 00000000 00:00 0 
729e20dfe000-729e20efe000 rw-p 00000000 00:00 0 
729e20efe000-729e20f02000 ---p 00000000 00:00 0 
729e20f02000-729e20ffe000 rw-p 00000000 00:00 0 
729e20ffe000-729e20fff000 ---p 00000000 00:00 0 
729e20fff000-729e210ff000 rw-p 00000000 00:00 0 
729e210ff000-729e21103000 ---p 00000000 00:00 0 
729e21103000-729e211ff000 rw-p 00000000 00:00 0 
729e211ff000-729e21203000 ---p 00000000 00:00 0 
729e21203000-729e212ff000 rw-p 00000000 00:00 0 
729e212ff000-729e21300000 ---p 00000000 00:00 0 
729e21300000-729e21400000 rw-p 00000000 00:00 0 
729e21400000-729e21404000 ---p 00000000 00:00 0 
729e21404000-729e21500000 rw-p 00000000 00:00 0 
729e21500000-729e21504000 ---p 00000000 00:00 0 
729e21504000-729e21600000 rw-p 00000000 00:00 0 
729e21600000-729e21604000 ---p 00000000 00:00 0 
729e21604000-729e21700000 rw-p 00000000 00:00 0 
729e21700000-729e21704000 ---p 00000000 00:00 0 
729e21704000-729e21800000 rw-p 00000000 00:00 0 
729e21800000-729e21ff0000 r--p 00000000 08:05 1312959                    /usr/lib/locale/locale-archive
729e22000000-729e24000000 rw-p 00000000 00:00 0 
729e24000000-729e24021000 rw-p 00000000 00:00 0 
729e24021000-729e28000000 ---p 00000000 00:00 0 
729e28000000-729e28021000 rw-p 00000000 00:00 0 
729e28021000-729e2c000000 ---p 00000000 00:00 0 
729e2c000000-729e2c021000 rw-p 00000000 00:00 0 
729e2c021000-729e30000000 ---p 00000000 00:00 0 
729e30025000-729e30029000 ---p 00000000 00:00 0 
729e30029000-729e30125000 rw-p 00000000 00:00 0 
729e30125000-729e30129000 ---p 00000000 00:00 0 
729e30129000-729e30225000 rw-p 00000000 00:00 0 
729e30225000-729e30229000 ---p 00000000 00:00 0 
729e30229000-729e30325000 rw-p 00000000 00:00 0 
729e30325000-729e30329000 ---p 00000000 00:00 0 
729e30329000-729e30425000 rw-p 00000000 00:00 0 
729e30425000-729e30429000 ---p 00000000 00:00 0 
729e30429000-729e30525000 rw-p 00000000 00:00 0 
729e30525000-729e30526000 ---p 00000000 00:00 0 
729e30526000-729e30626000 rw-p 00000000 00:00 0 
729e30626000-729e3062b000 r--p 00000000 08:05 1987452                    /usr/lib/jvm/java-17-openjdk-amd64/lib/libjsvml.so
729e3062b000-729e3066c000 r-xp 00005000 08:05 1987452                    /usr/lib/jvm/java-17-openjdk-amd64/lib/libjsvml.so
729e3066c000-729e306f5000 r--p 00046000 08:05 1987452                    /usr/lib/jvm/java-17-openjdk-amd64/lib/libjsvml.so
729e306f5000-729e306f6000 r--p 000ce000 08:05 1987452                    /usr/lib/jvm/java-17-openjdk-amd64/lib/libjsvml.so
729e306f6000-729e306f7000 rw-p 000cf000 08:05 1987452                    /usr/lib/jvm/java-17-openjdk-amd64/lib/libjsvml.so
729e306f7000-729e30778000 rw-p 00000000 00:00 0 
729e30778000-729e30779000 ---p 00000000 00:00 0 
729e30779000-729e30879000 rw-p 00000000 00:00 0 
729e30879000-729e3087a000 ---p 00000000 00:00 0 
729e3087a000-729e30f5e000 rw-p 00000000 00:00 0 
729e30f5e000-729e32b26000 ---p 00000000 00:00 0 
729e32b26000-729e32d0e000 rw-p 00000000 00:00 0 
729e32d0e000-729e348d6000 ---p 00000000 00:00 0 
729e348d6000-729e3491a000 rw-p 00000000 00:00 0 
729e3491a000-729e34c93000 ---p 00000000 00:00 0 
729e34c93000-729e34cd0000 rw-p 00000000 00:00 0 
729e34cd0000-729e35049000 ---p 00000000 00:00 0 
729e35049000-729e35086000 rw-p 00000000 00:00 0 
729e35086000-729e353ff000 ---p 00000000 00:00 0 
729e353ff000-729e35400000 rw-p 00000000 00:00 0 
729e35400000-729e35930000 rwxp 00000000 00:00 0 
729e35930000-729e3c937000 ---p 00000000 00:00 0 
729e3c937000-729e3cba7000 rwxp 00000000 00:00 0 
729e3cba7000-729e3cec8000 ---p 00000000 00:00 0 
729e3cec8000-729e3d138000 rwxp 00000000 00:00 0 
729e3d138000-729e44400000 ---p 00000000 00:00 0 
729e44400000-729e4be6f000 r--s 00000000 08:05 1987467                    /usr/lib/jvm/java-17-openjdk-amd64/lib/modules
729e4be7f000-729e4bea4000 r--p 00000000 08:05 1838410                    /usr/share/locale-langpack/fr/LC_MESSAGES/libc.mo
729e4bea4000-729e4beff000 rw-p 00000000 00:00 0 
729e4beff000-729e4bf00000 ---p 00000000 00:00 0 
729e4bf00000-729e4c000000 rw-p 00000000 00:00 0 
729e4c000000-729e4c995000 rw-p 00000000 00:00 0 
729e4c995000-729e50000000 ---p 00000000 00:00 0 
729e5000f000-729e50010000 ---p 00000000 00:00 0 
729e50010000-729e50110000 rw-p 00000000 00:00 0 
729e50110000-729e50111000 ---p 00000000 00:00 0 
729e50111000-729e5061a000 rw-p 00000000 00:00 0 
729e5061a000-729e50700000 ---p 00000000 00:00 0 
729e50700000-729e50704000 ---p 00000000 00:00 0 
729e50704000-729e50800000 rw-p 00000000 00:00 0 
729e50800000-729e5089a000 r--p 00000000 08:05 1313487                    /usr/lib/x86_64-linux-gnu/libstdc++.so.6.0.30
729e5089a000-729e509ab000 r-xp 0009a000 08:05 1313487                    /usr/lib/x86_64-linux-gnu/libstdc++.so.6.0.30
729e509ab000-729e50a1a000 r--p 001ab000 08:05 1313487                    /usr/lib/x86_64-linux-gnu/libstdc++.so.6.0.30
729e50a1a000-729e50a1b000 ---p 0021a000 08:05 1313487                    /usr/lib/x86_64-linux-gnu/libstdc++.so.6.0.30
729e50a1b000-729e50a26000 r--p 0021a000 08:05 1313487                    /usr/lib/x86_64-linux-gnu/libstdc++.so.6.0.30
729e50a26000-729e50a29000 rw-p 00225000 08:05 1313487                    /usr/lib/x86_64-linux-gnu/libstdc++.so.6.0.30
729e50a29000-729e50a2c000 rw-p 00000000 00:00 0 
729e50a2e000-729e50a39000 rw-p 00000000 00:00 0 
729e50a39000-729e50b19000 ---p 00000000 00:00 0 
729e50b19000-729e50b27000 r--p 00000000 08:05 1311948                    /usr/lib/x86_64-linux-gnu/libm.so.6
729e50b27000-729e50ba3000 r-xp 0000e000 08:05 1311948                    /usr/lib/x86_64-linux-gnu/libm.so.6
729e50ba3000-729e50bfe000 r--p 0008a000 08:05 1311948                    /usr/lib/x86_64-linux-gnu/libm.so.6
729e50bfe000-729e50bff000 r--p 000e4000 08:05 1311948                    /usr/lib/x86_64-linux-gnu/libm.so.6
729e50bff000-729e50c00000 rw-p 000e5000 08:05 1311948                    /usr/lib/x86_64-linux-gnu/libm.so.6
729e50c00000-729e50e51000 r--p 00000000 08:05 1987473                    /usr/lib/jvm/java-17-openjdk-amd64/lib/server/libjvm.so
729e50e51000-729e51bb5000 r-xp 00251000 08:05 1987473                    /usr/lib/jvm/java-17-openjdk-amd64/lib/server/libjvm.so
729e51bb5000-729e51e37000 r--p 00fb5000 08:05 1987473                    /usr/lib/jvm/java-17-openjdk-amd64/lib/server/libjvm.so
729e51e37000-729e51e38000 ---p 01237000 08:05 1987473                    /usr/lib/jvm/java-17-openjdk-amd64/lib/server/libjvm.so
729e51e38000-729e51ef0000 r--p 01237000 08:05 1987473                    /usr/lib/jvm/java-17-openjdk-amd64/lib/server/libjvm.so
729e51ef0000-729e51f25000 rw-p 012ef000 08:05 1987473                    /usr/lib/jvm/java-17-openjdk-amd64/lib/server/libjvm.so
729e51f25000-729e51f7f000 rw-p 00000000 00:00 0 
729e51f88000-729e51fc9000 rw-p 00000000 00:00 0 
729e51fd6000-729e51fdd000 r--s 00000000 08:05 1342057                    /usr/lib/x86_64-linux-gnu/gconv/gconv-modules.cache
729e51fdd000-729e51fdf000 r--p 00000000 08:05 1987466                    /usr/lib/jvm/java-17-openjdk-amd64/lib/libzip.so
729e51fdf000-729e51fe4000 r-xp 00002000 08:05 1987466                    /usr/lib/jvm/java-17-openjdk-amd64/lib/libzip.so
729e51fe4000-729e51fe6000 r--p 00007000 08:05 1987466                    /usr/lib/jvm/java-17-openjdk-amd64/lib/libzip.so
729e51fe6000-729e51fe7000 r--p 00008000 08:05 1987466                    /usr/lib/jvm/java-17-openjdk-amd64/lib/libzip.so
729e51fe7000-729e51fe8000 rw-p 00009000 08:05 1987466                    /usr/lib/jvm/java-17-openjdk-amd64/lib/libzip.so
729e51fe8000-729e51fec000 r--p 00000000 08:05 1987458                    /usr/lib/jvm/java-17-openjdk-amd64/lib/libnet.so
729e51fec000-729e51ffa000 r-xp 00004000 08:05 1987458                    /usr/lib/jvm/java-17-openjdk-amd64/lib/libnet.so
729e51ffa000-729e51ffe000 r--p 00012000 08:05 1987458                    /usr/lib/jvm/java-17-openjdk-amd64/lib/libnet.so
729e51ffe000-729e51fff000 r--p 00015000 08:05 1987458                    /usr/lib/jvm/java-17-openjdk-amd64/lib/libnet.so
729e51fff000-729e52000000 rw-p 00016000 08:05 1987458                    /usr/lib/jvm/java-17-openjdk-amd64/lib/libnet.so
729e52000000-729e52028000 r--p 00000000 08:05 1311375                    /usr/lib/x86_64-linux-gnu/libc.so.6
729e52028000-729e521bd000 r-xp 00028000 08:05 1311375                    /usr/lib/x86_64-linux-gnu/libc.so.6
729e521bd000-729e52215000 r--p 001bd000 08:05 1311375                    /usr/lib/x86_64-linux-gnu/libc.so.6
729e52215000-729e52216000 ---p 00215000 08:05 1311375                    /usr/lib/x86_64-linux-gnu/libc.so.6
729e52216000-729e5221a000 r--p 00215000 08:05 1311375                    /usr/lib/x86_64-linux-gnu/libc.so.6
729e5221a000-729e5221c000 rw-p 00219000 08:05 1311375                    /usr/lib/x86_64-linux-gnu/libc.so.6
729e5221c000-729e52229000 rw-p 00000000 00:00 0 
729e5222c000-729e52233000 r--p 00000000 08:05 1987459                    /usr/lib/jvm/java-17-openjdk-amd64/lib/libnio.so
729e52233000-729e5223c000 r-xp 00007000 08:05 1987459                    /usr/lib/jvm/java-17-openjdk-amd64/lib/libnio.so
729e5223c000-729e52240000 r--p 00010000 08:05 1987459                    /usr/lib/jvm/java-17-openjdk-amd64/lib/libnio.so
729e52240000-729e52241000 ---p 00014000 08:05 1987459                    /usr/lib/jvm/java-17-openjdk-amd64/lib/libnio.so
729e52241000-729e52242000 r--p 00014000 08:05 1987459                    /usr/lib/jvm/java-17-openjdk-amd64/lib/libnio.so
729e52242000-729e52243000 rw-p 00015000 08:05 1987459                    /usr/lib/jvm/java-17-openjdk-amd64/lib/libnio.so
729e52243000-729e52288000 rw-p 00000000 00:00 0 
729e52288000-729e5228f000 ---p 00000000 00:00 0 
729e5228f000-729e5229b000 r--p 00000000 08:05 1987445                    /usr/lib/jvm/java-17-openjdk-amd64/lib/libjava.so
729e5229b000-729e522ae000 r-xp 0000c000 08:05 1987445                    /usr/lib/jvm/java-17-openjdk-amd64/lib/libjava.so
729e522ae000-729e522b4000 r--p 0001f000 08:05 1987445                    /usr/lib/jvm/java-17-openjdk-amd64/lib/libjava.so
729e522b4000-729e522b5000 r--p 00024000 08:05 1987445                    /usr/lib/jvm/java-17-openjdk-amd64/lib/libjava.so
729e522b5000-729e522b6000 rw-p 00025000 08:05 1987445                    /usr/lib/jvm/java-17-openjdk-amd64/lib/libjava.so
729e522b6000-729e522b7000 rw-p 00000000 00:00 0 
729e522b7000-729e522ba000 r--p 00000000 08:05 1320077                    /usr/lib/x86_64-linux-gnu/libgcc_s.so.1
729e522ba000-729e522d1000 r-xp 00003000 08:05 1320077                    /usr/lib/x86_64-linux-gnu/libgcc_s.so.1
729e522d1000-729e522d5000 r--p 0001a000 08:05 1320077                    /usr/lib/x86_64-linux-gnu/libgcc_s.so.1
729e522d5000-729e522d6000 r--p 0001d000 08:05 1320077                    /usr/lib/x86_64-linux-gnu/libgcc_s.so.1
729e522d6000-729e522d7000 rw-p 0001e000 08:05 1320077                    /usr/lib/x86_64-linux-gnu/libgcc_s.so.1
729e522d7000-729e522da000 rw-p 00000000 00:00 0 
729e522da000-729e522dc000 r--p 00000000 08:05 1987449                    /usr/lib/jvm/java-17-openjdk-amd64/lib/libjli.so
729e522dc000-729e522e6000 r-xp 00002000 08:05 1987449                    /usr/lib/jvm/java-17-openjdk-amd64/lib/libjli.so
729e522e6000-729e522e9000 r--p 0000c000 08:05 1987449                    /usr/lib/jvm/java-17-openjdk-amd64/lib/libjli.so
729e522e9000-729e522ea000 r--p 0000e000 08:05 1987449                    /usr/lib/jvm/java-17-openjdk-amd64/lib/libjli.so
729e522ea000-729e522eb000 rw-p 0000f000 08:05 1987449                    /usr/lib/jvm/java-17-openjdk-amd64/lib/libjli.so
729e522eb000-729e522ed000 r--p 00000000 08:05 1338920                    /usr/lib/x86_64-linux-gnu/libz.so.1.2.11
729e522ed000-729e522fe000 r-xp 00002000 08:05 1338920                    /usr/lib/x86_64-linux-gnu/libz.so.1.2.11
729e522fe000-729e52304000 r--p 00013000 08:05 1338920                    /usr/lib/x86_64-linux-gnu/libz.so.1.2.11
729e52304000-729e52305000 ---p 00019000 08:05 1338920                    /usr/lib/x86_64-linux-gnu/libz.so.1.2.11
729e52305000-729e52306000 r--p 00019000 08:05 1338920                    /usr/lib/x86_64-linux-gnu/libz.so.1.2.11
729e52306000-729e52307000 rw-p 0001a000 08:05 1338920                    /usr/lib/x86_64-linux-gnu/libz.so.1.2.11
729e5230a000-729e52312000 rw-s 00000000 08:05 9962669                    /tmp/hsperfdata_abdou/86469
729e52312000-729e52313000 ---p 00000000 00:00 0 
729e52313000-729e52314000 r--p 00000000 00:00 0 
729e52314000-729e52316000 r--p 00000000 08:05 1987448                    /usr/lib/jvm/java-17-openjdk-amd64/lib/libjimage.so
729e52316000-729e52319000 r-xp 00002000 08:05 1987448                    /usr/lib/jvm/java-17-openjdk-amd64/lib/libjimage.so
729e52319000-729e5231a000 r--p 00005000 08:05 1987448                    /usr/lib/jvm/java-17-openjdk-amd64/lib/libjimage.so
729e5231a000-729e5231b000 ---p 00006000 08:05 1987448                    /usr/lib/jvm/java-17-openjdk-amd64/lib/libjimage.so
729e5231b000-729e5231c000 r--p 00006000 08:05 1987448                    /usr/lib/jvm/java-17-openjdk-amd64/lib/libjimage.so
729e5231c000-729e5231d000 rw-p 00007000 08:05 1987448                    /usr/lib/jvm/java-17-openjdk-amd64/lib/libjimage.so
729e5231d000-729e5231f000 rw-p 00000000 00:00 0 
729e5231f000-729e52321000 r--p 00000000 08:05 1311108                    /usr/lib/x86_64-linux-gnu/ld-linux-x86-64.so.2
729e52321000-729e5234b000 r-xp 00002000 08:05 1311108                    /usr/lib/x86_64-linux-gnu/ld-linux-x86-64.so.2
729e5234b000-729e52356000 r--p 0002c000 08:05 1311108                    /usr/lib/x86_64-linux-gnu/ld-linux-x86-64.so.2
729e52356000-729e52357000 ---p 00000000 00:00 0 
729e52357000-729e52359000 r--p 00037000 08:05 1311108                    /usr/lib/x86_64-linux-gnu/ld-linux-x86-64.so.2
729e52359000-729e5235b000 rw-p 00039000 08:05 1311108                    /usr/lib/x86_64-linux-gnu/ld-linux-x86-64.so.2
7ffc995c3000-7ffc995e4000 rw-p 00000000 00:00 0                          [stack]
7ffc995e5000-7ffc995e9000 r--p 00000000 00:00 0                          [vvar]
7ffc995e9000-7ffc995eb000 r-xp 00000000 00:00 0                          [vdso]
ffffffffff600000-ffffffffff601000 --xp 00000000 00:00 0                  [vsyscall]


VM Arguments:
java_command: target/connector-0.0.1-SNAPSHOT.jar
java_class_path (initial): target/connector-0.0.1-SNAPSHOT.jar
Launcher Type: SUN_STANDARD

[Global flags]
     intx CICompilerCount                          = 3                                         {product} {ergonomic}
     uint ConcGCThreads                            = 1                                         {product} {ergonomic}
     uint G1ConcRefinementThreads                  = 4                                         {product} {ergonomic}
   size_t G1HeapRegionSize                         = 1048576                                   {product} {ergonomic}
    uintx GCDrainStackTargetSize                   = 64                                        {product} {ergonomic}
   size_t InitialHeapSize                          = 125829120                                 {product} {ergonomic}
   size_t MarkStackSize                            = 4194304                                   {product} {ergonomic}
   size_t MaxHeapSize                              = 1992294400                                {product} {ergonomic}
   size_t MaxNewSize                               = 1195376640                                {product} {ergonomic}
   size_t MinHeapDeltaBytes                        = 1048576                                   {product} {ergonomic}
   size_t MinHeapSize                              = 8388608                                   {product} {ergonomic}
    uintx NonNMethodCodeHeapSize                   = 5832780                                {pd product} {ergonomic}
    uintx NonProfiledCodeHeapSize                  = 122912730                              {pd product} {ergonomic}
    uintx ProfiledCodeHeapSize                     = 122912730                              {pd product} {ergonomic}
    uintx ReservedCodeCacheSize                    = 251658240                              {pd product} {ergonomic}
     bool SegmentedCodeCache                       = true                                      {product} {ergonomic}
   size_t SoftMaxHeapSize                          = 1992294400                             {manageable} {ergonomic}
     bool UseCompressedClassPointers               = true                           {product lp64_product} {ergonomic}
     bool UseCompressedOops                        = true                           {product lp64_product} {ergonomic}
     bool UseG1GC                                  = true                                      {product} {ergonomic}

Logging:
Log output configuration:
 #0: stdout all=warning uptime,level,tags
 #1: stderr all=off uptime,level,tags

Environment Variables:
PATH=/usr/local/sbin:/usr/local/bin:/usr/sbin:/usr/bin:/sbin:/bin:/usr/games:/usr/local/games:/snap/bin:/snap/bin
USERNAME=abdou
SHELL=/usr/bin/zsh
DISPLAY=:0
LANG=fr_FR.UTF-8
TERM=xterm-256color

Active Locale:
LC_ALL=fr_FR.UTF-8
LC_COLLATE=fr_FR.UTF-8
LC_CTYPE=fr_FR.UTF-8
LC_MESSAGES=fr_FR.UTF-8
LC_MONETARY=fr_FR.UTF-8
LC_NUMERIC=fr_FR.UTF-8
LC_TIME=fr_FR.UTF-8

Signal Handlers:
   SIGSEGV: crash_handler in libjvm.so, mask=11100100010111111101111111111110, flags=SA_RESTART|SA_SIGINFO, unblocked
    SIGBUS: crash_handler in libjvm.so, mask=11100100010111111101111111111110, flags=SA_RESTART|SA_SIGINFO, unblocked
    SIGFPE: crash_handler in libjvm.so, mask=11100100010111111101111111111110, flags=SA_RESTART|SA_SIGINFO, unblocked
   SIGPIPE: javaSignalHandler in libjvm.so, mask=11100100010111111101111111111110, flags=SA_RESTART|SA_SIGINFO, blocked
   SIGXFSZ: javaSignalHandler in libjvm.so, mask=11100100010111111101111111111110, flags=SA_RESTART|SA_SIGINFO, blocked
    SIGILL: crash_handler in libjvm.so, mask=11100100010111111101111111111110, flags=SA_RESTART|SA_SIGINFO, unblocked
   SIGUSR2: SR_handler in libjvm.so, mask=00000000000000000000000000000000, flags=SA_RESTART|SA_SIGINFO, blocked
    SIGHUP: UserHandler in libjvm.so, mask=11100100010111111101111111111110, flags=SA_RESTART|SA_SIGINFO, blocked
    SIGINT: UserHandler in libjvm.so, mask=11100100010111111101111111111110, flags=SA_RESTART|SA_SIGINFO, blocked
   SIGTERM: UserHandler in libjvm.so, mask=11100100010111111101111111111110, flags=SA_RESTART|SA_SIGINFO, blocked
   SIGQUIT: UserHandler in libjvm.so, mask=11100100010111111101111111111110, flags=SA_RESTART|SA_SIGINFO, blocked
   SIGTRAP: crash_handler in libjvm.so, mask=11100100010111111101111111111110, flags=SA_RESTART|SA_SIGINFO, unblocked


Periodic native trim disabled


---------------  S Y S T E M  ---------------

OS:
DISTRIB_ID=Ubuntu
DISTRIB_RELEASE=22.04
DISTRIB_CODENAME=jammy
DISTRIB_DESCRIPTION="Ubuntu 22.04.3 LTS"
uname: Linux 6.5.0-26-generic #26~22.04.1-Ubuntu SMP PREEMPT_DYNAMIC Tue Mar 12 10:22:43 UTC 2 x86_64
OS uptime: 0 days 17:12 hours
libc: glibc 2.35 NPTL 2.35 
rlimit (soft/hard): STACK 8192k/infinity , CORE 0k/infinity , NPROC 30086/30086 , NOFILE 1048576/1048576 , AS infinity/infinity , CPU infinity/infinity , DATA infinity/infinity , FSIZE infinity/infinity , MEMLOCK 972328k/972328k
load average: 3,81 2,85 1,83

/proc/meminfo:
MemTotal:        7778636 kB
MemFree:          222608 kB
MemAvailable:     687508 kB
Buffers:            7920 kB
Cached:          1349860 kB
SwapCached:        20780 kB
Active:          2935132 kB
Inactive:        4001488 kB
Active(anon):    2655260 kB
Inactive(anon):  3660184 kB
Active(file):     279872 kB
Inactive(file):   341304 kB
Unevictable:       68100 kB
Mlocked:              16 kB
SwapTotal:       2097148 kB
SwapFree:          25824 kB
Zswap:                 0 kB
Zswapped:              0 kB
Dirty:               400 kB
Writeback:             0 kB
AnonPages:       5627968 kB
Mapped:           491500 kB
Shmem:            736392 kB
KReclaimable:     137404 kB
Slab:             334840 kB
SReclaimable:     137404 kB
SUnreclaim:       197436 kB
KernelStack:       24588 kB
PageTables:        87128 kB
SecPageTables:         0 kB
NFS_Unstable:          0 kB
Bounce:                0 kB
WritebackTmp:          0 kB
CommitLimit:     5986464 kB
Committed_AS:   22756448 kB
VmallocTotal:   34359738367 kB
VmallocUsed:       60788 kB
VmallocChunk:          0 kB
Percpu:             3456 kB
HardwareCorrupted:     0 kB
AnonHugePages:         0 kB
ShmemHugePages:        0 kB
ShmemPmdMapped:        0 kB
FileHugePages:         0 kB
FilePmdMapped:         0 kB
Unaccepted:            0 kB
HugePages_Total:       0
HugePages_Free:        0
HugePages_Rsvd:        0
HugePages_Surp:        0
Hugepagesize:       2048 kB
Hugetlb:               0 kB
DirectMap4k:      194088 kB
DirectMap2M:     5748736 kB
DirectMap1G:     3145728 kB

/sys/kernel/mm/transparent_hugepage/enabled: always [madvise] never
/sys/kernel/mm/transparent_hugepage/defrag (defrag/compaction efforts parameter): always defer defer+madvise [madvise] never

Process Memory:
Virtual Size: 5199796K (peak: 5262720K)
Resident Set Size: 148656K (peak: 148656K) (anon: 125832K, file: 22824K, shmem: 0K)
Swapped out: 0K
C-Heap outstanding allocations: 44087K, retained: 4436K
glibc malloc tunables: (default)

/proc/sys/kernel/threads-max (system-wide limit on the number of threads): 60172
/proc/sys/vm/max_map_count (maximum number of memory map areas a process may have): 65530
/proc/sys/kernel/pid_max (system-wide limit on number of process identifiers): 4194304

container (cgroup) information:
container_type: cgroupv2
cpu_cpuset_cpus: not supported
cpu_memory_nodes: not supported
active_processor_count: 4
cpu_quota: not supported
cpu_period: not supported
cpu_shares: not supported
memory_limit_in_bytes: unlimited
memory_and_swap_limit_in_bytes: unlimited
memory_soft_limit_in_bytes: unlimited
memory_usage_in_bytes: 190260 k
memory_max_usage_in_bytes: not supported
memory_swap_current_in_bytes: 748 k
memory_swap_max_limit_in_bytes: unlimited
maximum number of tasks: 9025
current number of tasks: 24

Steal ticks since vm start: 0
Steal ticks percentage since vm start:  0,000

CPU: total 4 (initial active 4) (2 cores per cpu, 2 threads per core) family 6 model 78 stepping 3 microcode 0xf0, cx8, cmov, fxsr, ht, mmx, 3dnowpref, sse, sse2, sse3, ssse3, sse4.1, sse4.2, popcnt, lzcnt, tsc, tscinvbit, avx, avx2, aes, erms, clmul, bmi1, bmi2, adx, fma, vzeroupper, clflush, clflushopt
CPU Model and flags from /proc/cpuinfo:
model name	: Intel(R) Core(TM) i5-6200U CPU @ 2.30GHz
flags		: fpu vme de pse tsc msr pae mce cx8 apic sep mtrr pge mca cmov pat pse36 clflush dts acpi mmx fxsr sse sse2 ss ht tm pbe syscall nx pdpe1gb rdtscp lm constant_tsc art arch_perfmon pebs bts rep_good nopl xtopology nonstop_tsc cpuid aperfmperf pni pclmulqdq dtes64 monitor ds_cpl vmx est tm2 ssse3 sdbg fma cx16 xtpr pdcm pcid sse4_1 sse4_2 x2apic movbe popcnt tsc_deadline_timer aes xsave avx f16c rdrand lahf_lm abm 3dnowprefetch cpuid_fault epb invpcid_single pti ssbd ibrs ibpb stibp tpr_shadow flexpriority ept vpid ept_ad fsgsbase tsc_adjust bmi1 avx2 smep bmi2 erms invpcid mpx rdseed adx smap clflushopt intel_pt xsaveopt xsavec xgetbv1 xsaves dtherm ida arat pln pts hwp hwp_notify hwp_act_window hwp_epp vnmi md_clear flush_l1d arch_capabilities

Online cpus: 0-3
Offline cpus: 
BIOS frequency limitation: <Not Available>
Frequency switch latency (ns): 0
Available cpu frequencies: <Not Available>
Current governor: powersave
Core performance/turbo boost: <Not Available>

Memory: 4k page, physical 7778636k(222608k free), swap 2097148k(25824k free)
Page Sizes: 4k

vm_info: OpenJDK 64-Bit Server VM (17.0.10+7-Ubuntu-122.04.1) for linux-amd64 JRE (17.0.10+7-Ubuntu-122.04.1), built on Feb  5 2024 21:02:31 by "buildd" with gcc 11.4.0

END.
